# JRE version: Java(TM) SE Runtime Environment (8.0_301-b09) (build 1.8.0_301-b09)
# Java VM: Java HotSpot(TM) 64-Bit Server VM (25.301-b09 mixed mode windows-amd64 compressed oops)
Heap:
 PSYoungGen      total 317440K, used 280317K [0x0000000781100000, 0x0000000796900000, 0x00000007c0000000)
  eden space 285184K, 86% used [0x0000000781100000,0x00000007903421c8,0x0000000792780000)
  from space 32256K, 99% used [0x0000000792a00000,0x000000079497d4e0,0x0000000794980000)
  to   space 28160K, 0% used [0x0000000794d80000,0x0000000794d80000,0x0000000796900000)
 ParOldGen       total 107008K, used 65164K [0x0000000703200000, 0x0000000709a80000, 0x0000000781100000)
  object space 107008K, 60% used [0x0000000703200000,0x00000007071a3310,0x0000000709a80000)
 Metaspace       used 32053K, capacity 32948K, committed 33072K, reserved 1079296K
  class space    used 3571K, capacity 3764K, committed 3888K, reserved 1048576K
GC Heap History (10 events):
Event: 10.908 GC heap before
{Heap before GC invocations=6 (full 0):
 PSYoungGen      total 105984K, used 80420K [0x0000000781100000, 0x000000078f200000, 0x00000007c0000000)
  eden space 98304K, 74% used [0x0000000781100000,0x000000078580b018,0x0000000787100000)
  from space 7680K, 99% used [0x0000000787100000,0x000000078787e030,0x0000000787880000)
  to   space 16896K, 0% used [0x000000078e180000,0x000000078e180000,0x000000078f200000)
 ParOldGen       total 130048K, used 18178K [0x0000000703200000, 0x000000070b100000, 0x0000000781100000)
  object space 130048K, 13% used [0x0000000703200000,0x00000007043c0830,0x000000070b100000)
 Metaspace       used 20686K, capacity 21208K, committed 21296K, reserved 1069056K
  class space    used 2449K, capacity 2561K, committed 2608K, reserved 1048576K
Event: 10.956 GC heap after
Heap after GC invocations=6 (full 0):
 PSYoungGen      total 212992K, used 13184K [0x0000000781100000, 0x000000078f300000, 0x00000007c0000000)
  eden space 196096K, 0% used [0x0000000781100000,0x0000000781100000,0x000000078d080000)
  from space 16896K, 78% used [0x000000078e180000,0x000000078ee602e0,0x000000078f200000)
  to   space 17408K, 0% used [0x000000078d080000,0x000000078d080000,0x000000078e180000)
 ParOldGen       total 130048K, used 18186K [0x0000000703200000, 0x000000070b100000, 0x0000000781100000)
  object space 130048K, 13% used [0x0000000703200000,0x00000007043c2830,0x000000070b100000)
 Metaspace       used 20686K, capacity 21208K, committed 21296K, reserved 1069056K
  class space    used 2449K, capacity 2561K, committed 2608K, reserved 1048576K
}
Event: 10.956 GC heap before
{Heap before GC invocations=7 (full 1):
 PSYoungGen      total 212992K, used 13184K [0x0000000781100000, 0x000000078f300000, 0x00000007c0000000)
  eden space 196096K, 0% used [0x0000000781100000,0x0000000781100000,0x000000078d080000)
  from space 16896K, 78% used [0x000000078e180000,0x000000078ee602e0,0x000000078f200000)
  to   space 17408K, 0% used [0x000000078d080000,0x000000078d080000,0x000000078e180000)
 ParOldGen       total 130048K, used 18186K [0x0000000703200000, 0x000000070b100000, 0x0000000781100000)
  object space 130048K, 13% used [0x0000000703200000,0x00000007043c2830,0x000000070b100000)
 Metaspace       used 20686K, capacity 21208K, committed 21296K, reserved 1069056K
  class space    used 2449K, capacity 2561K, committed 2608K, reserved 1048576K
Event: 11.153 GC heap after
Heap after GC invocations=7 (full 1):
 PSYoungGen      total 212992K, used 0K [0x0000000781100000, 0x000000078f300000, 0x00000007c0000000)
  eden space 196096K, 0% used [0x0000000781100000,0x0000000781100000,0x000000078d080000)
  from space 16896K, 0% used [0x000000078e180000,0x000000078e180000,0x000000078f200000)
  to   space 17408K, 0% used [0x000000078d080000,0x000000078d080000,0x000000078e180000)
 ParOldGen       total 107008K, used 26371K [0x0000000703200000, 0x0000000709a80000, 0x0000000781100000)
  object space 107008K, 24% used [0x0000000703200000,0x0000000704bc0db0,0x0000000709a80000)
 Metaspace       used 20686K, capacity 21208K, committed 21296K, reserved 1069056K
  class space    used 2449K, capacity 2561K, committed 2608K, reserved 1048576K
}
Event: 15.382 GC heap before
{Heap before GC invocations=8 (full 1):
 PSYoungGen      total 212992K, used 196096K [0x0000000781100000, 0x000000078f300000, 0x00000007c0000000)
  eden space 196096K, 100% used [0x0000000781100000,0x000000078d080000,0x000000078d080000)
  from space 16896K, 0% used [0x000000078e180000,0x000000078e180000,0x000000078f200000)
  to   space 17408K, 0% used [0x000000078d080000,0x000000078d080000,0x000000078e180000)
 ParOldGen       total 107008K, used 26371K [0x0000000703200000, 0x0000000709a80000, 0x0000000781100000)
  object space 107008K, 24% used [0x0000000703200000,0x0000000704bc0db0,0x0000000709a80000)
 Metaspace       used 25009K, capacity 25686K, committed 25904K, reserved 1073152K
  class space    used 2847K, capacity 3024K, committed 3120K, reserved 1048576K
Event: 15.420 GC heap after
Heap after GC invocations=8 (full 1):
 PSYoungGen      total 213504K, used 17394K [0x0000000781100000, 0x0000000796900000, 0x00000007c0000000)
  eden space 196096K, 0% used [0x0000000781100000,0x0000000781100000,0x000000078d080000)
  from space 17408K, 99% used [0x000000078d080000,0x000000078e17c8d8,0x000000078e180000)
  to   space 28160K, 0% used [0x0000000794d80000,0x0000000794d80000,0x0000000796900000)
 ParOldGen       total 107008K, used 43736K [0x0000000703200000, 0x0000000709a80000, 0x0000000781100000)
  object space 107008K, 40% used [0x0000000703200000,0x0000000705cb60b8,0x0000000709a80000)
 Metaspace       used 25009K, capacity 25686K, committed 25904K, reserved 1073152K
  class space    used 2847K, capacity 3024K, committed 3120K, reserved 1048576K
}
Event: 21.494 GC heap before
{Heap before GC invocations=9 (full 1):
 PSYoungGen      total 213504K, used 213490K [0x0000000781100000, 0x0000000796900000, 0x00000007c0000000)
  eden space 196096K, 100% used [0x0000000781100000,0x000000078d080000,0x000000078d080000)
  from space 17408K, 99% used [0x000000078d080000,0x000000078e17c8d8,0x000000078e180000)
  to   space 28160K, 0% used [0x0000000794d80000,0x0000000794d80000,0x0000000796900000)
 ParOldGen       total 107008K, used 43736K [0x0000000703200000, 0x0000000709a80000, 0x0000000781100000)
  object space 107008K, 40% used [0x0000000703200000,0x0000000705cb60b8,0x0000000709a80000)
 Metaspace       used 25794K, capacity 26540K, committed 26672K, reserved 1073152K
  class space    used 2912K, capacity 3088K, committed 3120K, reserved 1048576K
Event: 21.520 GC heap after
Heap after GC invocations=9 (full 1):
 PSYoungGen      total 313344K, used 27899K [0x0000000781100000, 0x0000000796900000, 0x00000007c0000000)
  eden space 285184K, 0% used [0x0000000781100000,0x0000000781100000,0x0000000792780000)
  from space 28160K, 99% used [0x0000000794d80000,0x00000007968bedc8,0x0000000796900000)
  to   space 32256K, 0% used [0x0000000792a00000,0x0000000792a00000,0x0000000794980000)
 ParOldGen       total 107008K, used 43763K [0x0000000703200000, 0x0000000709a80000, 0x0000000781100000)
  object space 107008K, 40% used [0x0000000703200000,0x0000000705cbcce8,0x0000000709a80000)
 Metaspace       used 25794K, capacity 26540K, committed 26672K, reserved 1073152K
  class space    used 2912K, capacity 3088K, committed 3120K, reserved 1048576K
}
Event: 32.208 GC heap before
{Heap before GC invocations=10 (full 1):
 PSYoungGen      total 313344K, used 313083K [0x0000000781100000, 0x0000000796900000, 0x00000007c0000000)
  eden space 285184K, 100% used [0x0000000781100000,0x0000000792780000,0x0000000792780000)
  from space 28160K, 99% used [0x0000000794d80000,0x00000007968bedc8,0x0000000796900000)
  to   space 32256K, 0% used [0x0000000792a00000,0x0000000792a00000,0x0000000794980000)
 ParOldGen       total 107008K, used 43763K [0x0000000703200000, 0x0000000709a80000, 0x0000000781100000)
  object space 107008K, 40% used [0x0000000703200000,0x0000000705cbcce8,0x0000000709a80000)
 Metaspace       used 28651K, capacity 29482K, committed 29744K, reserved 1075200K
  class space    used 3145K, capacity 3316K, committed 3376K, reserved 1048576K
Event: 34.278 GC heap after
Heap after GC invocations=10 (full 1):
 PSYoungGen      total 317440K, used 32245K [0x0000000781100000, 0x0000000796900000, 0x00000007c0000000)
  eden space 285184K, 0% used [0x0000000781100000,0x0000000781100000,0x0000000792780000)
  from space 32256K, 99% used [0x0000000792a00000,0x000000079497d4e0,0x0000000794980000)
  to   space 28160K, 0% used [0x0000000794d80000,0x0000000794d80000,0x0000000796900000)
 ParOldGen       total 107008K, used 65164K [0x0000000703200000, 0x0000000709a80000, 0x0000000781100000)
  object space 107008K, 60% used [0x0000000703200000,0x00000007071a3310,0x0000000709a80000)
 Metaspace       used 28651K, capacity 29482K, committed 29744K, reserved 1075200K
  class space    used 3145K, capacity 3316K, committed 3376K, reserved 1048576K
}

